<?xml version="1.0" encoding="UTF-8"?>
<testng-results ignored="0" total="1" passed="1" failed="0" skipped="0">
  <reporter-output>
  </reporter-output>
  <suite started-at="2025-01-27T13:15:43 IST" name="Default suite" finished-at="2025-01-27T13:15:54 IST" duration-ms="11200">
    <groups>
    </groups>
    <test started-at="2025-01-27T13:15:43 IST" name="Default test" finished-at="2025-01-27T13:15:54 IST" duration-ms="11200">
      <class name="actions.Dragexam1">
        <test-method is-config="true" signature="setUp()[pri:0, instance:actions.Dragexam1@6d3a388c]" started-at="2025-01-27T13:15:43 IST" name="setUp" finished-at="2025-01-27T13:15:49 IST" duration-ms="6129" status="PASS">
          <reporter-output>
          </reporter-output>
        </test-method> <!-- setUp -->
        <test-method signature="dragexam1()[pri:0, instance:actions.Dragexam1@6d3a388c]" started-at="2025-01-27T13:15:49 IST" name="dragexam1" finished-at="2025-01-27T13:15:51 IST" duration-ms="1700" status="PASS">
          <reporter-output>
          </reporter-output>
        </test-method> <!-- dragexam1 -->
        <test-method is-config="true" signature="tearDown()[pri:0, instance:actions.Dragexam1@6d3a388c]" started-at="2025-01-27T13:15:51 IST" name="tearDown" finished-at="2025-01-27T13:15:54 IST" duration-ms="3327" status="PASS">
          <reporter-output>
          </reporter-output>
        </test-method> <!-- tearDown -->
      </class> <!-- actions.Dragexam1 -->
    </test> <!-- Default test -->
  </suite> <!-- Default suite -->
</testng-results>
